Performing C SOURCE FILE Test CMAKE_HAVE_LIBC_PTHREAD failed with the following output:
Change Dir: /home/graphics/Desktop/CSC4140/Assignment06/hw6_pathtracer/build/CMakeFiles/CMakeTmp

Run Build Command(s):/usr/bin/make cmTC_0ccd2/fast && /usr/bin/make -f CMakeFiles/cmTC_0ccd2.dir/build.make CMakeFiles/cmTC_0ccd2.dir/build
make[1]: Entering directory '/home/graphics/Desktop/CSC4140/Assignment06/hw6_pathtracer/build/CMakeFiles/CMakeTmp'
Building C object CMakeFiles/cmTC_0ccd2.dir/src.c.o
/usr/bin/cc   -fPIC -DCMAKE_HAVE_LIBC_PTHREAD -mavx2   -o CMakeFiles/cmTC_0ccd2.dir/src.c.o   -c /home/graphics/Desktop/CSC4140/Assignment06/hw6_pathtracer/build/CMakeFiles/CMakeTmp/src.c
Linking C executable cmTC_0ccd2
/usr/bin/cmake -E cmake_link_script CMakeFiles/cmTC_0ccd2.dir/link.txt --verbose=1
/usr/bin/cc  -fPIC -DCMAKE_HAVE_LIBC_PTHREAD -mavx2    -rdynamic CMakeFiles/cmTC_0ccd2.dir/src.c.o  -o cmTC_0ccd2 
/usr/bin/ld: CMakeFiles/cmTC_0ccd2.dir/src.c.o: in function `main':
src.c:(.text+0x46): undefined reference to `pthread_create'
/usr/bin/ld: src.c:(.text+0x52): undefined reference to `pthread_detach'
/usr/bin/ld: src.c:(.text+0x63): undefined reference to `pthread_join'
collect2: error: ld returned 1 exit status
make[1]: *** [CMakeFiles/cmTC_0ccd2.dir/build.make:87: cmTC_0ccd2] Error 1
make[1]: Leaving directory '/home/graphics/Desktop/CSC4140/Assignment06/hw6_pathtracer/build/CMakeFiles/CMakeTmp'
make: *** [Makefile:121: cmTC_0ccd2/fast] Error 2


Source file was:
#include <pthread.h>

void* test_func(void* data)
{
  return data;
}

int main(void)
{
  pthread_t thread;
  pthread_create(&thread, NULL, test_func, NULL);
  pthread_detach(thread);
  pthread_join(thread, NULL);
  pthread_atfork(NULL, NULL, NULL);
  pthread_exit(NULL);

  return 0;
}

Determining if the function pthread_create exists in the pthreads failed with the following output:
Change Dir: /home/graphics/Desktop/CSC4140/Assignment06/hw6_pathtracer/build/CMakeFiles/CMakeTmp

Run Build Command(s):/usr/bin/make cmTC_2c69b/fast && /usr/bin/make -f CMakeFiles/cmTC_2c69b.dir/build.make CMakeFiles/cmTC_2c69b.dir/build
make[1]: Entering directory '/home/graphics/Desktop/CSC4140/Assignment06/hw6_pathtracer/build/CMakeFiles/CMakeTmp'
Building C object CMakeFiles/cmTC_2c69b.dir/CheckFunctionExists.c.o
/usr/bin/cc   -fPIC -DCHECK_FUNCTION_EXISTS=pthread_create -mavx2   -o CMakeFiles/cmTC_2c69b.dir/CheckFunctionExists.c.o   -c /usr/share/cmake-3.16/Modules/CheckFunctionExists.c
Linking C executable cmTC_2c69b
/usr/bin/cmake -E cmake_link_script CMakeFiles/cmTC_2c69b.dir/link.txt --verbose=1
/usr/bin/cc  -fPIC -DCHECK_FUNCTION_EXISTS=pthread_create -mavx2    -rdynamic CMakeFiles/cmTC_2c69b.dir/CheckFunctionExists.c.o  -o cmTC_2c69b  -lpthreads 
/usr/bin/ld: cannot find -lpthreads
collect2: error: ld returned 1 exit status
make[1]: *** [CMakeFiles/cmTC_2c69b.dir/build.make:87: cmTC_2c69b] Error 1
make[1]: Leaving directory '/home/graphics/Desktop/CSC4140/Assignment06/hw6_pathtracer/build/CMakeFiles/CMakeTmp'
make: *** [Makefile:121: cmTC_2c69b/fast] Error 2



